********************************************************************************
DUPLICATOR-LITE PACKAGE-LOG: 19 September 2021 15h35
NOTICE: Do NOT post to public sites or forums 
********************************************************************************
VERSION:	1.4.2
WORDPRESS:	5.7.2
PHP INFO:	7.4.20 | SAPI: apache2handler
SERVER:		Apache/2.4.38 (Debian) 
PHP TIME LIMIT: (0) no time limit imposed 
PHP MAX MEMORY: 4294967296 (128M default) 
MEMORY STACK: 2MB

********************************************************************************
DATABASE:
********************************************************************************
BUILD MODE:   PHP(query limit - 100)
MYSQLTIMEOUT: 5000
MYSQLDUMP:    Not Supported
TABLES: total:30 | filtered:0 | create:30
FILTERED: []
SQL CREATED: 20210822_cfsj_0b67944576482d961807_20210919153409_database.sql
SQL FILE SIZE: 10.5MB (11011469)
SQL FILE TIME: 2021-09-19 15:35:10
SQL RUNTIME: 2.23 sec.

********************************************************************************
ARCHIVE (ZIP):
********************************************************************************
ARCHIVE DIR:  /var/www/html
ARCHIVE FILE: 20210822_cfsj_0b67944576482d961807_20210919153409_archive.zip
FILTERS: *OFF*
DIRS:
	not set
FILES:
	not set
EXTS:  not set
----------------------------------------
COMPRESSING
SIZE:	154.65MB
STATS:	Dirs 1,174 | Files 6,138
SQL ADDED: 20210822_cfsj_0b67944576482d961807_20210919153409_database.sql
ZipArchive Object
(
    [status] => 0
    [statusSys] => 0
    [numFiles] => 7312
    [filename] => /var/www/html/wp-content/backups-dup-lite/tmp/20210822_cfsj_0b67944576482d961807_20210919153409_archive.zip
    [comment] => 
)

FILE ADDED TO ZIP: 7311
[PHP ERR][NOTICE] MSG:ob_flush(): failed to flush buffer. No buffer to flush [CODE:8|FILE:/var/www/html/wp-content/plugins/duplicator/classes/utilities/class.u.php|LINE:171]
do_action('wp_ajax_duplicator_package_build'), WP_Hook->do_action, WP_Hook->apply_filters, duplicator_package_build, DUP_Package->runZipBuild, DUP_Archive->build, DUP_Zip::create, DUP_Util::fcgiFlush, ob_flush, DUP_Handler::error, DUP_Handler::getMessage
COMPRESSION RESULT: '1'
COMPRESSED SIZE: 58.36MB
ARCHIVE RUNTIME: 95.55 sec.
MEMORY STACK: 4MB
building installer
add_extra_files1
add_extra_files2
add_extra_files3
add_extra_files4
Doing archive file check
add_extra_files5
add_extra_files6
add_extra_files8
Successfully opened zip /var/www/html/wp-content/backups-dup-lite/tmp/20210822_cfsj_0b67944576482d961807_20210919153409_archive.zip
Adding enhanced installer files to archive using ZipArchive
Installer files added to archive
Added to archive
After ziparchive close when adding installer

********************************************************************************
INTEGRITY CHECKS:
********************************************************************************
SQL FILE: 10.5MB
INSTALLER FILE: 64.25KB
ARCHIVE FILE: 59.75MB 
COMPTE ATTENDU DE FICHIERS/RÉPERTOIRES : 7,312
COMPTE ACTUEL DE FICHIERS/RÉPERTOIRES : 7,311
TEST DE COHÉRENCE D’ARCHIVE : Bon

********************************************************************************
RECORD ID:[3]
TOTAL PROCESS RUNTIME: 121.29 sec.
PEAK PHP MEMORY USED: 14.06MB
DONE PROCESSING => 20210822_cfsj 19 September 2021 15h37

